mode: set
snix.ir/rabaead/chunk.go:41.113,43.54 1 1
snix.ir/rabaead/chunk.go:47.2,56.20 2 1
snix.ir/rabaead/chunk.go:59.2,60.15 2 1
snix.ir/rabaead/chunk.go:43.54,45.3 1 0
snix.ir/rabaead/chunk.go:56.20,57.27 1 1
snix.ir/rabaead/chunk.go:57.27,57.41 1 1
snix.ir/rabaead/chunk.go:67.113,69.54 1 1
snix.ir/rabaead/chunk.go:72.2,81.20 2 1
snix.ir/rabaead/chunk.go:85.2,86.15 2 1
snix.ir/rabaead/chunk.go:69.54,71.3 1 0
snix.ir/rabaead/chunk.go:81.20,82.27 1 1
snix.ir/rabaead/chunk.go:82.27,82.41 1 1
snix.ir/rabaead/chunk.go:90.37,91.39 1 1
snix.ir/rabaead/chunk.go:94.2,94.12 1 1
snix.ir/rabaead/chunk.go:91.39,93.3 1 0
snix.ir/rabaead/chunk.go:101.58,103.22 2 1
snix.ir/rabaead/chunk.go:110.2,110.8 1 1
snix.ir/rabaead/chunk.go:103.22,105.17 2 1
snix.ir/rabaead/chunk.go:108.3,108.9 1 1
snix.ir/rabaead/chunk.go:105.17,107.4 1 0
snix.ir/rabaead/chunk.go:113.44,119.21 5 1
snix.ir/rabaead/chunk.go:132.2,132.15 1 1
snix.ir/rabaead/chunk.go:119.21,126.17 6 1
snix.ir/rabaead/chunk.go:129.3,129.9 1 1
snix.ir/rabaead/chunk.go:126.17,128.4 1 0
snix.ir/rabaead/chunk.go:141.51,142.23 1 1
snix.ir/rabaead/chunk.go:145.2,146.6 2 1
snix.ir/rabaead/chunk.go:162.2,162.15 1 0
snix.ir/rabaead/chunk.go:142.23,144.3 1 0
snix.ir/rabaead/chunk.go:146.6,147.25 1 1
snix.ir/rabaead/chunk.go:155.3,157.17 3 1
snix.ir/rabaead/chunk.go:147.25,150.18 3 1
snix.ir/rabaead/chunk.go:153.4,153.9 1 0
snix.ir/rabaead/chunk.go:150.18,152.5 1 1
snix.ir/rabaead/chunk.go:157.17,159.4 1 1
snix.ir/rabaead/chunk.go:165.53,167.21 2 1
snix.ir/rabaead/chunk.go:173.2,176.15 4 1
snix.ir/rabaead/chunk.go:167.21,171.3 3 0
snix.ir/rabaead/chunk.go:179.43,187.16 6 1
snix.ir/rabaead/chunk.go:191.2,191.12 1 1
snix.ir/rabaead/chunk.go:207.2,207.15 1 1
snix.ir/rabaead/chunk.go:187.16,189.3 1 1
snix.ir/rabaead/chunk.go:191.12,193.17 2 1
snix.ir/rabaead/chunk.go:197.3,197.38 1 1
snix.ir/rabaead/chunk.go:193.17,195.4 1 1
snix.ir/rabaead/chunk.go:197.38,200.4 2 1
snix.ir/rabaead/chunk.go:200.9,204.4 3 0
snix.ir/rabaead/chunk.go:210.36,214.2 3 1
snix.ir/rabaead/cipher.go:23.47,23.76 1 1
snix.ir/rabaead/cipher.go:25.53,26.33 1 1
snix.ir/rabaead/cipher.go:30.2,35.24 3 1
snix.ir/rabaead/cipher.go:26.33,28.3 1 0
snix.ir/rabaead/cipher.go:40.41,40.68 1 1
snix.ir/rabaead/cipher.go:43.42,43.64 1 0
snix.ir/rabaead/cipher.go:45.78,48.36 3 1
snix.ir/rabaead/cipher.go:52.2,54.16 3 1
snix.ir/rabaead/cipher.go:57.2,62.16 5 1
snix.ir/rabaead/cipher.go:65.2,73.12 6 1
snix.ir/rabaead/cipher.go:48.36,49.20 1 0
snix.ir/rabaead/cipher.go:54.16,55.13 1 0
snix.ir/rabaead/cipher.go:62.16,63.13 1 0
snix.ir/rabaead/cipher.go:76.88,82.16 5 1
snix.ir/rabaead/cipher.go:85.2,95.37 8 1
snix.ir/rabaead/cipher.go:100.2,100.20 1 1
snix.ir/rabaead/cipher.go:104.2,105.16 2 1
snix.ir/rabaead/cipher.go:108.2,109.17 2 1
snix.ir/rabaead/cipher.go:82.16,83.13 1 0
snix.ir/rabaead/cipher.go:95.37,96.20 1 0
snix.ir/rabaead/cipher.go:100.20,102.3 1 1
snix.ir/rabaead/cipher.go:105.16,106.13 1 0
snix.ir/rabaead/cipher.go:115.82,117.40 1 1
snix.ir/rabaead/cipher.go:121.2,121.49 1 1
snix.ir/rabaead/cipher.go:117.40,119.3 1 0
snix.ir/rabaead/cipher.go:126.72,128.2 1 1
snix.ir/rabaead/genlap.go:7.35,11.2 1 1
snix.ir/rabaead/genlap.go:13.39,14.50 1 1
snix.ir/rabaead/genlap.go:17.2,17.25 1 1
snix.ir/rabaead/genlap.go:14.50,16.3 1 1
snix.ir/rabaead/helper.go:9.53,12.22 2 1
snix.ir/rabaead/helper.go:18.2,19.8 2 1
snix.ir/rabaead/helper.go:12.22,14.3 1 1
snix.ir/rabaead/helper.go:14.8,17.3 2 1
snix.ir/rabaead/helper.go:22.46,24.34 2 1
snix.ir/rabaead/helper.go:24.34,28.3 3 1
snix.ir/rabaead/helper.go:31.42,35.2 3 1
snix.ir/rabaead/ioaead.go:41.64,42.19 1 1
snix.ir/rabaead/ioaead.go:45.2,57.12 9 1
snix.ir/rabaead/ioaead.go:42.19,43.26 1 1
snix.ir/rabaead/ioaead.go:43.26,43.40 1 1
snix.ir/rabaead/ioaead.go:60.31,64.2 3 1
snix.ir/rabaead/ioaead.go:66.95,67.33 1 1
snix.ir/rabaead/ioaead.go:71.2,71.54 1 1
snix.ir/rabaead/ioaead.go:75.2,84.15 3 1
snix.ir/rabaead/ioaead.go:67.33,69.3 1 0
snix.ir/rabaead/ioaead.go:71.54,73.3 1 0
snix.ir/rabaead/ioaead.go:92.95,94.2 1 1
snix.ir/rabaead/ioaead.go:100.95,102.2 1 1
snix.ir/rabaead/ioaead.go:104.96,105.33 1 1
snix.ir/rabaead/ioaead.go:108.2,108.54 1 1
snix.ir/rabaead/ioaead.go:111.2,121.15 3 1
snix.ir/rabaead/ioaead.go:105.33,107.3 1 0
snix.ir/rabaead/ioaead.go:108.54,110.3 1 0
snix.ir/rabaead/ioaead.go:124.54,126.21 2 1
snix.ir/rabaead/ioaead.go:130.2,131.16 2 1
snix.ir/rabaead/ioaead.go:138.2,138.32 1 1
snix.ir/rabaead/ioaead.go:126.21,128.3 1 1
snix.ir/rabaead/ioaead.go:131.16,132.20 1 1
snix.ir/rabaead/ioaead.go:136.3,136.16 1 0
snix.ir/rabaead/ioaead.go:132.20,135.4 2 1
snix.ir/rabaead/ioaead.go:146.52,147.18 1 1
snix.ir/rabaead/ioaead.go:150.2,151.6 2 1
snix.ir/rabaead/ioaead.go:167.2,167.15 1 0
snix.ir/rabaead/ioaead.go:147.18,149.3 1 1
snix.ir/rabaead/ioaead.go:151.6,152.20 1 1
snix.ir/rabaead/ioaead.go:161.3,163.17 3 1
snix.ir/rabaead/ioaead.go:152.20,155.18 3 1
snix.ir/rabaead/ioaead.go:158.4,158.9 1 0
snix.ir/rabaead/ioaead.go:155.18,157.5 1 1
snix.ir/rabaead/ioaead.go:163.17,165.4 1 1
snix.ir/rabaead/ioaead.go:170.39,172.30 2 1
snix.ir/rabaead/ioaead.go:175.2,175.19 1 1
snix.ir/rabaead/ioaead.go:172.30,174.3 1 1
snix.ir/rabaead/ioaead.go:178.56,183.2 4 1
snix.ir/rabaead/ioaead.go:185.47,190.2 4 1
snix.ir/rabaead/ioaead.go:192.48,193.18 1 1
snix.ir/rabaead/ioaead.go:202.2,204.16 3 1
snix.ir/rabaead/ioaead.go:207.2,207.19 1 1
snix.ir/rabaead/ioaead.go:211.2,215.12 4 1
snix.ir/rabaead/ioaead.go:219.2,220.15 2 1
snix.ir/rabaead/ioaead.go:193.18,196.17 3 1
snix.ir/rabaead/ioaead.go:199.3,199.21 1 1
snix.ir/rabaead/ioaead.go:196.17,198.4 1 0
snix.ir/rabaead/ioaead.go:204.16,206.3 1 1
snix.ir/rabaead/ioaead.go:207.19,209.3 1 0
snix.ir/rabaead/ioaead.go:215.12,217.3 1 1
snix.ir/rabaead/ioaead.go:223.37,226.2 2 1
snix.ir/rabaead/ioaead.go:230.53,231.19 1 1
snix.ir/rabaead/ioaead.go:235.2,236.16 2 1
snix.ir/rabaead/ioaead.go:240.2,241.15 2 1
snix.ir/rabaead/ioaead.go:231.19,234.3 2 1
snix.ir/rabaead/ioaead.go:236.16,238.3 1 0
snix.ir/rabaead/ioaead.go:244.38,245.30 1 1
snix.ir/rabaead/ioaead.go:251.2,252.25 2 1
snix.ir/rabaead/ioaead.go:245.30,249.3 3 1
snix.ir/rabaead/ioaead.go:258.38,260.67 2 1
snix.ir/rabaead/ioaead.go:264.2,264.44 1 1
snix.ir/rabaead/ioaead.go:267.2,267.12 1 1
snix.ir/rabaead/ioaead.go:260.67,262.3 1 0
snix.ir/rabaead/ioaead.go:264.44,266.3 1 0
